<?xml version="1.0" encoding="UTF-8"?>
<!-- Generated by org.testng.reporters.JUnitXMLReporter -->
<testsuite ignored="0" hostname="DESKTOP-QI6H2EA" failures="0" tests="3" name="Default test" time="10.907" errors="0" timestamp="2025-02-19T08:52:54 PST">
  <testcase classname="BaseClass.pushpendraWindow" name="clickOnGoogle" time="3.36"/>
  <testcase classname="BaseClass.pushpendraWindow" name="switchWindow" time="0.079"/>
  <testcase classname="BaseClass.pushpendraWindow" name="putDetails" time="0.279"/>
</testsuite> <!-- Default test -->
