<?xml version="1.0" encoding="UTF-8"?>
<testng-results ignored="0" total="1" passed="1" failed="0" skipped="0">
  <reporter-output>
  </reporter-output>
  <suite started-at="2025-02-26T03:22:39 PST" name="Suite" finished-at="2025-02-26T03:22:57 PST" duration-ms="17417">
    <groups>
    </groups>
    <test started-at="2025-02-26T03:22:39 PST" name="Test" finished-at="2025-02-26T03:22:57 PST" duration-ms="17417">
      <class name="testClass.CreateAccountTest">
        <test-method is-config="true" signature="lounchChrome()[pri:0, instance:testClass.CreateAccountTest@71ba6d4e]" started-at="2025-02-26T03:22:39 PST" name="lounchChrome" finished-at="2025-02-26T03:22:48 PST" duration-ms="8951" status="PASS">
          <reporter-output>
          </reporter-output>
        </test-method> <!-- lounchChrome -->
        <test-method is-config="true" signature="setUp()[pri:0, instance:testClass.CreateAccountTest@71ba6d4e]" started-at="2025-02-26T03:22:48 PST" name="setUp" finished-at="2025-02-26T03:22:48 PST" duration-ms="54" status="PASS">
          <reporter-output>
          </reporter-output>
        </test-method> <!-- setUp -->
        <test-method signature="testGoogleLogin()[pri:1, instance:testClass.CreateAccountTest@71ba6d4e]" started-at="2025-02-26T03:22:48 PST" name="testGoogleLogin" finished-at="2025-02-26T03:22:56 PST" duration-ms="7987" status="PASS">
          <reporter-output>
          </reporter-output>
        </test-method> <!-- testGoogleLogin -->
        <test-method is-config="true" signature="tearDown()[pri:0, instance:testClass.CreateAccountTest@71ba6d4e]" started-at="2025-02-26T03:22:56 PST" name="tearDown" finished-at="2025-02-26T03:22:57 PST" duration-ms="344" status="PASS">
          <reporter-output>
          </reporter-output>
        </test-method> <!-- tearDown -->
      </class> <!-- testClass.CreateAccountTest -->
    </test> <!-- Test -->
  </suite> <!-- Suite -->
</testng-results>
